build/app/outputs/mapping/release/seeds.txt
com.gary.license_scanner.MainActivity
com.gary.license_scanner.MainActivity: MainActivity()
...
com.google.android.material.button.MaterialButtonToggleGroup: void setSingleSelection(boolean)
com.google.android.material.internal.NavigationMenuItemView: void setNeedsEmptyIcon(boolean)
com.dexterous.flutterlocalnotifications.models.NotificationDetails: java.lang.String MATCH_DATE_TIME_COMPONENTS
com.google.android.gms.internal.firebase_ml.zzsl$zzb$zzb: com.google.android.gms.internal.firebase_ml.zzsl$zzb$zzb[] values()
com.google.android.gms.internal.firebase_ml.zzng$zzz: long zzamp
kotlinx.coroutines.CompletedExceptionally: int _handled
androidx.window.layout.WindowMetrics: boolean equals(java.lang.Object)
com.dexterous.flutterlocalnotifications.FlutterLocalNotificationsPlugin: void onAttachedToActivity(io.flutter.embedding.engine.plugins.activity.ActivityPluginBinding)
io.flutter.embedding.engine.FlutterJNI: void ensureNotAttachedToNative()
androidx.window.core.Version: androidx.window.core.Version CURRENT
com.google.android.gms.internal.clearcut.zzge$zzs: int zzbb
androidx.appcompat.widget.Toolbar: int getCurrentContentInsetStart()
com.google.android.gms.internal.vision.zzfi$zzi: com.google.android.gms.internal.vision.zzkx zzh
com.dexterous.flutterlocalnotifications.FlutterLocalNotificationsPlugin: android.app.PendingIntent getActivityPendingIntent(android.content.Context,int,android.content.Intent)
org.threeten.bp.ZonedDateTime: java.lang.Object writeReplace()
androidx.window.layout.WindowInfoTrackerImpl$windowLayoutInfo$1: java.lang.Object invoke(java.lang.Object,java.lang.Object)
com.google.firestore.v1.CommitRequest
com.google.android.gms.internal.firebase_ml.zzng$zzc$zza: com.google.android.gms.internal.firebase_ml.zzwf zzakb
com.google.android.gms.internal.vision.zzfi$zzc: int zzd
androidx.appcompat.widget.AppCompatButton: android.content.res.ColorStateList getSupportBackgroundTintList()
com.dexterous.flutterlocalnotifications.models.NotificationDetails: com.dexterous.flutterlocalnotifications.models.Time repeatTime
com.google.android.material.textfield.TextInputLayout: void setBoxBackgroundColor(int)
com.dexterous.flutterlocalnotifications.models.NotificationDetails: java.lang.String PROGRESS
androidx.appcompat.app.AppCompatViewInflater: AppCompatViewInflater()
com.google.android.gms.internal.firebase_ml.zzng$zzp: com.google.android.gms.internal.firebase_ml.zzng$zzl zzale
androidx.window.core.Version: androidx.window.core.Version parse(java.lang.String)
com.google.android.gms.internal.firebase_ml.zzng$zzd$zza: int zzajl
com.google.android.material.chip.ChipGroup: void setChipSpacingHorizontalResource(int)
androidx.window.embedding.ExtensionEmbeddingBackend: void unregisterSplitListenerForActivity(androidx.core.util.Consumer)
android.support.v4.media.RatingCompat: android.os.Parcelable$Creator CREATOR
androidx.window.layout.ExtensionWindowLayoutInfoBackend$MulticastConsumer: void removeListener(androidx.core.util.Consumer)
com.dexterous.flutterlocalnotifications.models.SoundSource
com.dexterous.flutterlocalnotifications.RuntimeTypeAdapterFactory: java.lang.String typeFieldName
com.dexterous.flutterlocalnotifications.models.styles.MessagingStyleInformation: java.lang.Boolean groupConversation
com.google.android.gms.internal.firebase_ml.zzng$zzag: com.google.android.gms.internal.firebase_ml.zzng$zzag zzaum
com.google.android.gms.internal.firebase_ml.zzsl$zzb: com.google.android.gms.internal.firebase_ml.zzxt zzj
com.google.android.gms.internal.firebase_ml.zzng$zzaq: com.google.android.gms.internal.firebase_ml.zzxt zzj
com.google.android.gms.internal.firebase_ml.zzng$zzaq$zzb: com.google.android.gms.internal.firebase_ml.zzng$zzaq$zzb[] values()
com.google.android.material.textfield.TextInputLayout: float getHintCollapsedTextHeight()
androidx.window.layout.SidecarCompat: androidx.window.layout.SidecarAdapter access$getSidecarAdapter$p(androidx.window.layout.SidecarCompat)
androidx.appcompat.widget.AppCompatEditText: void setCustomSelectionActionModeCallback(android.view.ActionMode$Callback)