build/app/outputs/mapping/release/usage.txt
com.gary.license_scanner.R$integer
com.gary.license_scanner.R$style
com.gary.license_scanner.R$anim
com.gary.license_scanner.R$plurals
com.gary.license_scanner.R$layout
com.gary.license_scanner.R$xml
com.gary.license_scanner.R$drawable
com.gary.license_scanner.R$string
com.gary.license_scanner.R$mipmap
com.gary.license_scanner.R$bool
com.gary.license_scanner.R$attr
com.gary.license_scanner.R$styleable
com.gary.license_scanner.R$interpolator
com.gary.license_scanner.BuildConfig
com.gary.license_scanner.R$dimen
com.gary.license_scanner.R$id
com.gary.license_scanner.R$animator
com.gary.license_scanner.R$color
com.gary.license_scanner.R
...
com.google.api.LogDescriptor$Builder
com.google.firebase.firestore.model.FieldIndex:
    public static final int UNKNOWN_ID
    public static final int INITIAL_SEQUENCE_NUMBER
org.threeten.bp.DayOfWeek:
    public java.lang.String getDisplayName(org.threeten.bp.format.TextStyle,java.util.Locale)
    public org.threeten.bp.DayOfWeek plus(long)
    public org.threeten.bp.DayOfWeek minus(long)
com.google.common.collect.ForwardingCollection
com.google.common.util.concurrent.CycleDetectingLockFactory$CycleDetectingReentrantLock
com.google.android.material.switchmaterial.SwitchMaterial
kotlinx.coroutines.Delay
androidx.appcompat.app.AppCompatDelegateImpl$ActionBarDrawableToggleImpl
androidx.appcompat.widget.ShareActionProvider$ShareMenuItemOnMenuItemClickListener
com.google.android.datatransport.runtime.dagger.internal.MapProviderFactory$Builder
android.support.v4.media.session.IMediaSession$Stub:
    public void <init>()
    public android.os.IBinder asBinder()
    public boolean onTransact(int,android.os.Parcel,android.os.Parcel,int)
    private static final java.lang.String DESCRIPTOR
    static final int TRANSACTION_sendCommand
    static final int TRANSACTION_sendMediaButton
    static final int TRANSACTION_registerCallbackListener
    static final int TRANSACTION_unregisterCallbackListener
    static final int TRANSACTION_isTransportControlEnabled
    static final int TRANSACTION_getPackageName
    static final int TRANSACTION_getTag
    static final int TRANSACTION_getLaunchPendingIntent
    static final int TRANSACTION_getFlags
    static final int TRANSACTION_getVolumeAttributes
    static final int TRANSACTION_adjustVolume
    static final int TRANSACTION_setVolumeTo
    static final int TRANSACTION_getMetadata
    static final int TRANSACTION_getPlaybackState
    static final int TRANSACTION_getQueue
    static final int TRANSACTION_getQueueTitle
    static final int TRANSACTION_getExtras
    static final int TRANSACTION_getRatingType
    static final int TRANSACTION_isCaptioningEnabled
    static final int TRANSACTION_getRepeatMode
    static final int TRANSACTION_isShuffleModeEnabledRemoved
    static final int TRANSACTION_getShuffleMode
    static final int TRANSACTION_addQueueItem
    static final int TRANSACTION_addQueueItemAt
    static final int TRANSACTION_removeQueueItem
io.flutter.plugins.sharedpreferences.MethodCallHandlerImpl:
    private static final java.lang.String SHARED_PREFERENCES_NAME
    private static final java.lang.String LIST_IDENTIFIER
    private static final java.lang.String BIG_INTEGER_PREFIX
    private static final java.lang.String DOUBLE_PREFIX
com.google.api.ConfigChange
com.google.android.material.transition.platform.FadeProvider$1
com.google.android.gms.phenotype.zza
com.google.common.hash.Hashing$ChecksumType$1
com.google.common.collect.AbstractTable$1
com.google.android.material.slider.BasicLabelFormatter
com.google.firestore.admin.v1.Index$IndexField$ArrayConfig$1
kotlinx.coroutines.channels.TickerChannelsKt$fixedPeriodTicker$1
com.google.common.primitives.Ints$IntConverter
com.google.common.util.concurrent.AbstractScheduledService$Scheduler$1
com.google.common.collect.Multisets$FilteredMultiset
io.flutter.view.FlutterView$ZeroSides
com.google.android.gms.common.util.CrashUtils:
    public void <init>()
kotlinx.coroutines.flow.FlowKt__ZipKt$combine$$inlined$combineUnsafe$FlowKt__ZipKt$2
com.google.firestore.v1.ListDocumentsResponse$1
com.google.common.collect.LinkedHashMultimapGwtSerializationDependencies
com.google.protobuf.DescriptorProtos$FieldDescriptorProto$Label$LabelVerifier
io.flutter.plugins.flutter_plugin_android_lifecycle.R
androidx.core.location.LocationManagerCompat$PreRGnssStatusTransport$2
com.google.protobuf.Api$1
androidx.constraintlayout.motion.widget.TimeCycleSplineSet$ElevationSet
kotlinx.coroutines.channels.ChannelsKt__Channels_commonKt$toList$1
com.google.rpc.ErrorDetailsProto
com.google.common.collect.Maps$AbstractFilteredMap